2020-08-10 18:38:30,839 - Loaded System Directive: org.apache.velocity.runtime.directive.Evaluate
2020-08-10 18:38:30,839 - Loaded System Directive: org.apache.velocity.runtime.directive.Literal
2020-08-10 18:38:30,839 - Loaded System Directive: org.apache.velocity.runtime.directive.Macro
2020-08-10 18:38:30,839 - Loaded System Directive: org.apache.velocity.runtime.directive.Parse
2020-08-10 18:38:30,839 - Loaded System Directive: org.apache.velocity.runtime.directive.Include
2020-08-10 18:38:30,839 - Loaded System Directive: org.apache.velocity.runtime.directive.Foreach
2020-08-10 18:38:30,840 - Created '20' parsers.
2020-08-10 18:38:30,840 - Velocimacro : "velocimacro.library" is not set.  Trying default library: VM_global_library.vm
2020-08-10 18:38:30,840 - Could not load resource 'VM_global_library.vm' from ResourceLoader org.apache.velocity.runtime.resource.loader.ClasspathResourceLoader: ClasspathResourceLoader Error: cannot find resource VM_global_library.vm
2020-08-10 18:38:30,840 - Velocimacro : Default library not found.
2020-08-10 18:38:30,841 - Velocimacro : allowInline = true : VMs can be defined inline in templates
2020-08-10 18:38:30,841 - Velocimacro : allowInlineToOverride = false : VMs defined inline may NOT replace previous VM definitions
2020-08-10 18:38:30,841 - Velocimacro : allowInlineLocal = false : VMs defined inline will be global in scope if allowed.
2020-08-10 18:38:30,841 - Velocimacro : autoload off : VM system will not automatically reload global library macros
2020-08-10 18:38:30,842 - ResourceManager : found velocity/Usuarios/Usuarios.vm with loader org.apache.velocity.runtime.resource.loader.ClasspathResourceLoader
2020-08-10 18:38:30,843 - Velocimacro : added VM mainLayout: source=/velocity/navbar.vm
2020-08-10 18:38:30,843 - ResourceManager : found /velocity/navbar.vm with loader org.apache.velocity.runtime.resource.loader.ClasspathResourceLoader
2020-08-10 18:38:32,230 - Log4JLogChute initialized using file 'velocity.log'
2020-08-10 18:38:32,230 - Initializing Velocity, Calling init()...
2020-08-10 18:38:32,230 - Starting Apache Velocity v1.7 (compiled: 2010-11-19 12:14:37)
2020-08-10 18:38:32,230 - Default Properties File: org\apache\velocity\runtime\defaults\velocity.properties
2020-08-10 18:38:32,230 - Trying to use logger class org.apache.velocity.runtime.log.AvalonLogChute
2020-08-10 18:38:32,230 - Target log system for org.apache.velocity.runtime.log.AvalonLogChute is not available (java.lang.NoClassDefFoundError: org/apache/log/format/Formatter).  Falling back to next log system...
2020-08-10 18:38:32,230 - Trying to use logger class org.apache.velocity.runtime.log.Log4JLogChute
2020-08-10 18:38:32,230 - Using logger class org.apache.velocity.runtime.log.Log4JLogChute
2020-08-10 18:38:32,230 - ResourceLoader instantiated: org.apache.velocity.runtime.resource.loader.ClasspathResourceLoader
2020-08-10 18:38:32,230 - ResourceCache: initialized (class org.apache.velocity.runtime.resource.ResourceCacheImpl) with class java.util.Collections$SynchronizedMap cache map.
2020-08-10 18:38:32,231 - Loaded System Directive: org.apache.velocity.runtime.directive.Stop
2020-08-10 18:38:32,231 - Loaded System Directive: org.apache.velocity.runtime.directive.Define
2020-08-10 18:38:32,231 - Loaded System Directive: org.apache.velocity.runtime.directive.Break
2020-08-10 18:38:32,231 - Loaded System Directive: org.apache.velocity.runtime.directive.Evaluate
2020-08-10 18:38:32,231 - Loaded System Directive: org.apache.velocity.runtime.directive.Literal
2020-08-10 18:38:32,231 - Loaded System Directive: org.apache.velocity.runtime.directive.Macro
2020-08-10 18:38:32,231 - Loaded System Directive: org.apache.velocity.runtime.directive.Parse
2020-08-10 18:38:32,231 - Loaded System Directive: org.apache.velocity.runtime.directive.Include
2020-08-10 18:38:32,231 - Loaded System Directive: org.apache.velocity.runtime.directive.Foreach
2020-08-10 18:38:32,231 - Created '20' parsers.
2020-08-10 18:38:32,232 - Velocimacro : "velocimacro.library" is not set.  Trying default library: VM_global_library.vm
2020-08-10 18:38:32,232 - Could not load resource 'VM_global_library.vm' from ResourceLoader org.apache.velocity.runtime.resource.loader.ClasspathResourceLoader: ClasspathResourceLoader Error: cannot find resource VM_global_library.vm
2020-08-10 18:38:32,232 - Velocimacro : Default library not found.
2020-08-10 18:38:32,232 - Velocimacro : allowInline = true : VMs can be defined inline in templates
2020-08-10 18:38:32,232 - Velocimacro : allowInlineToOverride = false : VMs defined inline may NOT replace previous VM definitions
2020-08-10 18:38:32,232 - Velocimacro : allowInlineLocal = false : VMs defined inline will be global in scope if allowed.
2020-08-10 18:38:32,232 - Velocimacro : autoload off : VM system will not automatically reload global library macros
2020-08-10 18:38:32,233 - ResourceManager : found velocity/CDRs/CDRs.vm with loader org.apache.velocity.runtime.resource.loader.ClasspathResourceLoader
2020-08-10 18:38:32,233 - RHS of #set statement is null. Context will not be modified. velocity/CDRs/CDRs.vm[line 1, column 1]
2020-08-10 18:38:32,234 - Velocimacro : added VM mainLayout: source=/velocity/navbar.vm
2020-08-10 18:38:32,234 - ResourceManager : found /velocity/navbar.vm with loader org.apache.velocity.runtime.resource.loader.ClasspathResourceLoader
2020-08-10 18:38:33,846 - Log4JLogChute initialized using file 'velocity.log'
2020-08-10 18:38:33,847 - Initializing Velocity, Calling init()...
2020-08-10 18:38:33,847 - Starting Apache Velocity v1.7 (compiled: 2010-11-19 12:14:37)
2020-08-10 18:38:33,847 - Default Properties File: org\apache\velocity\runtime\defaults\velocity.properties
2020-08-10 18:38:33,847 - Trying to use logger class org.apache.velocity.runtime.log.AvalonLogChute
2020-08-10 18:38:33,847 - Target log system for org.apache.velocity.runtime.log.AvalonLogChute is not available (java.lang.NoClassDefFoundError: org/apache/log/format/Formatter).  Falling back to next log system...
2020-08-10 18:38:33,847 - Trying to use logger class org.apache.velocity.runtime.log.Log4JLogChute
2020-08-10 18:38:33,847 - Using logger class org.apache.velocity.runtime.log.Log4JLogChute
2020-08-10 18:38:33,847 - ResourceLoader instantiated: org.apache.velocity.runtime.resource.loader.ClasspathResourceLoader
2020-08-10 18:38:33,847 - ResourceCache: initialized (class org.apache.velocity.runtime.resource.ResourceCacheImpl) with class java.util.Collections$SynchronizedMap cache map.
2020-08-10 18:38:33,847 - Loaded System Directive: org.apache.velocity.runtime.directive.Stop
2020-08-10 18:38:33,847 - Loaded System Directive: org.apache.velocity.runtime.directive.Define
2020-08-10 18:38:33,848 - Loaded System Directive: org.apache.velocity.runtime.directive.Break
2020-08-10 18:38:33,848 - Loaded System Directive: org.apache.velocity.runtime.directive.Evaluate
2020-08-10 18:38:33,848 - Loaded System Directive: org.apache.velocity.runtime.directive.Literal
2020-08-10 18:38:33,848 - Loaded System Directive: org.apache.velocity.runtime.directive.Macro
2020-08-10 18:38:33,848 - Loaded System Directive: org.apache.velocity.runtime.directive.Parse
2020-08-10 18:38:33,848 - Loaded System Directive: org.apache.velocity.runtime.directive.Include
2020-08-10 18:38:33,848 - Loaded System Directive: org.apache.velocity.runtime.directive.Foreach
2020-08-10 18:38:33,848 - Created '20' parsers.
2020-08-10 18:38:33,848 - Velocimacro : "velocimacro.library" is not set.  Trying default library: VM_global_library.vm
2020-08-10 18:38:33,848 - Could not load resource 'VM_global_library.vm' from ResourceLoader org.apache.velocity.runtime.resource.loader.ClasspathResourceLoader: ClasspathResourceLoader Error: cannot find resource VM_global_library.vm
2020-08-10 18:38:33,849 - Velocimacro : Default library not found.
2020-08-10 18:38:33,849 - Velocimacro : allowInline = true : VMs can be defined inline in templates
2020-08-10 18:38:33,849 - Velocimacro : allowInlineToOverride = false : VMs defined inline may NOT replace previous VM definitions
2020-08-10 18:38:33,849 - Velocimacro : allowInlineLocal = false : VMs defined inline will be global in scope if allowed.
2020-08-10 18:38:33,849 - Velocimacro : autoload off : VM system will not automatically reload global library macros
2020-08-10 18:38:33,850 - ResourceManager : found velocity/CDRs/CDRsTarificados.vm with loader org.apache.velocity.runtime.resource.loader.ClasspathResourceLoader
2020-08-10 18:38:33,851 - Velocimacro : added VM mainLayout: source=/velocity/navbar.vm
2020-08-10 18:38:33,851 - ResourceManager : found /velocity/navbar.vm with loader org.apache.velocity.runtime.resource.loader.ClasspathResourceLoader
2020-08-10 18:38:36,160 - Log4JLogChute initialized using file 'velocity.log'
2020-08-10 18:38:36,160 - Initializing Velocity, Calling init()...
2020-08-10 18:38:36,161 - Starting Apache Velocity v1.7 (compiled: 2010-11-19 12:14:37)
2020-08-10 18:38:36,161 - Default Properties File: org\apache\velocity\runtime\defaults\velocity.properties
2020-08-10 18:38:36,161 - Trying to use logger class org.apache.velocity.runtime.log.AvalonLogChute
2020-08-10 18:38:36,161 - Target log system for org.apache.velocity.runtime.log.AvalonLogChute is not available (java.lang.NoClassDefFoundError: org/apache/log/format/Formatter).  Falling back to next log system...
2020-08-10 18:38:36,161 - Trying to use logger class org.apache.velocity.runtime.log.Log4JLogChute
2020-08-10 18:38:36,161 - Using logger class org.apache.velocity.runtime.log.Log4JLogChute
2020-08-10 18:38:36,161 - ResourceLoader instantiated: org.apache.velocity.runtime.resource.loader.ClasspathResourceLoader
2020-08-10 18:38:36,161 - ResourceCache: initialized (class org.apache.velocity.runtime.resource.ResourceCacheImpl) with class java.util.Collections$SynchronizedMap cache map.
2020-08-10 18:38:36,161 - Loaded System Directive: org.apache.velocity.runtime.directive.Stop
2020-08-10 18:38:36,161 - Loaded System Directive: org.apache.velocity.runtime.directive.Define
2020-08-10 18:38:36,161 - Loaded System Directive: org.apache.velocity.runtime.directive.Break
2020-08-10 18:38:36,161 - Loaded System Directive: org.apache.velocity.runtime.directive.Evaluate
2020-08-10 18:38:36,161 - Loaded System Directive: org.apache.velocity.runtime.directive.Literal
2020-08-10 18:38:36,161 - Loaded System Directive: org.apache.velocity.runtime.directive.Macro
2020-08-10 18:38:36,161 - Loaded System Directive: org.apache.velocity.runtime.directive.Parse
2020-08-10 18:38:36,161 - Loaded System Directive: org.apache.velocity.runtime.directive.Include
2020-08-10 18:38:36,161 - Loaded System Directive: org.apache.velocity.runtime.directive.Foreach
2020-08-10 18:38:36,162 - Created '20' parsers.
2020-08-10 18:38:36,162 - Velocimacro : "velocimacro.library" is not set.  Trying default library: VM_global_library.vm
2020-08-10 18:38:36,162 - Could not load resource 'VM_global_library.vm' from ResourceLoader org.apache.velocity.runtime.resource.loader.ClasspathResourceLoader: ClasspathResourceLoader Error: cannot find resource VM_global_library.vm
2020-08-10 18:38:36,162 - Velocimacro : Default library not found.
2020-08-10 18:38:36,162 - Velocimacro : allowInline = true : VMs can be defined inline in templates
2020-08-10 18:38:36,162 - Velocimacro : allowInlineToOverride = false : VMs defined inline may NOT replace previous VM definitions
2020-08-10 18:38:36,162 - Velocimacro : allowInlineLocal = false : VMs defined inline will be global in scope if allowed.
2020-08-10 18:38:36,162 - Velocimacro : autoload off : VM system will not automatically reload global library macros
2020-08-10 18:38:36,163 - ResourceManager : found velocity/Tarificaciones/Tarificaciones.vm with loader org.apache.velocity.runtime.resource.loader.ClasspathResourceLoader
2020-08-10 18:38:36,164 - Velocimacro : added VM mainLayout: source=/velocity/navbar.vm
2020-08-10 18:38:36,164 - ResourceManager : found /velocity/navbar.vm with loader org.apache.velocity.runtime.resource.loader.ClasspathResourceLoader
loader org.apache.velocity.runtime.resource.loader.ClasspathResourceLoader
2020-08-10 18:38:33,851 - ResourceManager : found /velocity/navbar.vm with loader org.apache.velocity.runtime.resource.loader.ClasspathResourceLoader
2020-08-10 18:38:36,160 - Log4JLogChute initialized using file 'velocity.log'
2020-08-10 18:38:36,160 - Log4JLogChute initialized using file 'velocity.log'
2020-08-10 18:38:36,160 - Log4JLogChute initialized using file 'velocity.log'
2020-08-10 18:38:36,160 - Initializing Velocity, Calling init()...
2020-08-10 18:38:36,160 - Initializing Velocity, Calling init()...
2020-08-10 18:38:36,160 - Initializing Velocity, Calling init()...
2020-08-10 18:38:36,161 - Starting Apache Velocity v1.7 (compiled: 2010-11-19 12:14:37)
2020-08-10 18:38:36,161 - Starting Apache Velocity v1.7 (compiled: 2010-11-19 12:14:37)
2020-08-10 18:38:36,161 - Starting Apache Velocity v1.7 (compiled: 2010-11-19 12:14:37)
2020-08-10 18:38:36,161 - Default Properties File: org\apache\velocity\runtime\defaults\velocity.properties
2020-08-10 18:38:36,161 - Default Properties File: org\apache\velocity\runtime\defaults\velocity.properties
2020-08-10 18:38:36,161 - Default Properties File: org\apache\velocity\runtime\defaults\velocity.properties
2020-08-10 18:38:36,161 - Trying to use logger class org.apache.velocity.runtime.log.AvalonLogChute
2020-08-10 18:38:36,161 - Trying to use logger class org.apache.velocity.runtime.log.AvalonLogChute
2020-08-10 18:38:36,161 - Trying to use logger class org.apache.velocity.runtime.log.AvalonLogChute
2020-08-10 18:38:36,161 - Target log system for org.apache.velocity.runtime.log.AvalonLogChute is not available (java.lang.NoClassDefFoundError: org/apache/log/format/Formatter).  Falling back to next log system...
2020-08-10 18:38:36,161 - Target log system for org.apache.velocity.runtime.log.AvalonLogChute is not available (java.lang.NoClassDefFoundError: org/apache/log/format/Formatter).  Falling back to next log system...
2020-08-10 18:38:36,161 - Target log system for org.apache.velocity.runtime.log.AvalonLogChute is not available (java.lang.NoClassDefFoundError: org/apache/log/format/Formatter).  Falling back to next log system...
2020-08-10 18:38:36,161 - Trying to use logger class org.apache.velocity.runtime.log.Log4JLogChute
2020-08-10 18:38:36,161 - Trying to use logger class org.apache.velocity.runtime.log.Log4JLogChute
2020-08-10 18:38:36,161 - Trying to use logger class org.apache.velocity.runtime.log.Log4JLogChute
2020-08-10 18:38:36,161 - Using logger class org.apache.velocity.runtime.log.Log4JLogChute
2020-08-10 18:38:36,161 - Using logger class org.apache.velocity.runtime.log.Log4JLogChute
2020-08-10 18:38:36,161 - Using logger class org.apache.velocity.runtime.log.Log4JLogChute
2020-08-10 18:38:36,161 - ResourceLoader instantiated: org.apache.velocity.runtime.resource.loader.ClasspathResourceLoader
2020-08-10 18:38:36,161 - ResourceLoader instantiated: org.apache.velocity.runtime.resource.loader.ClasspathResourceLoader
2020-08-10 18:38:36,161 - ResourceLoader instantiated: org.apache.velocity.runtime.resource.loader.ClasspathResourceLoader
2020-08-10 18:38:36,161 - ResourceCache: initialized (class org.apache.velocity.runtime.resource.ResourceCacheImpl) with class java.util.Collections$SynchronizedMap cache map.
2020-08-10 18:38:36,161 - ResourceCache: initialized (class org.apache.velocity.runtime.resource.ResourceCacheImpl) with class java.util.Collections$SynchronizedMap cache map.
2020-08-10 18:38:36,161 - ResourceCache: initialized (class org.apache.velocity.runtime.resource.ResourceCacheImpl) with class java.util.Collections$SynchronizedMap cache map.
2020-08-10 18:38:36,161 - Loaded System Directive: org.apache.velocity.runtime.directive.Stop
2020-08-10 18:38:36,161 - Loaded System Directive: org.apache.velocity.runtime.directive.Stop
2020-08-10 18:38:36,161 - Loaded System Directive: org.apache.velocity.runtime.directive.Stop
2020-08-10 18:38:36,161 - Loaded System Directive: org.apache.velocity.runtime.directive.Define
2020-08-10 18:38:36,161 - Loaded System Directive: org.apache.velocity.runtime.directive.Define
2020-08-10 18:38:36,161 - Loaded System Directive: org.apache.velocity.runtime.directive.Define
2020-08-10 18:38:36,161 - Loaded System Directive: org.apache.velocity.runtime.directive.Break
2020-08-10 18:38:36,161 - Loaded System Directive: org.apache.velocity.runtime.directive.Break
2020-08-10 18:38:36,161 - Loaded System Directive: org.apache.velocity.runtime.directive.Break
2020-08-10 18:38:36,161 - Loaded System Directive: org.apache.velocity.runtime.directive.Evaluate
2020-08-10 18:38:36,161 - Loaded System Directive: org.apache.velocity.runtime.directive.Evaluate
2020-08-10 18:38:36,161 - Loaded System Directive: org.apache.velocity.runtime.directive.Evaluate
2020-08-10 18:38:36,161 - Loaded System Directive: org.apache.velocity.runtime.directive.Literal
2020-08-10 18:38:36,161 - Loaded System Directive: org.apache.velocity.runtime.directive.Literal
2020-08-10 18:38:36,161 - Loaded System Directive: org.apache.velocity.runtime.directive.Literal
2020-08-10 18:38:36,161 - Loaded System Directive: org.apache.velocity.runtime.directive.Macro
2020-08-10 18:38:36,161 - Loaded System Directive: org.apache.velocity.runtime.directive.Macro
2020-08-10 18:38:36,161 - Loaded System Directive: org.apache.velocity.runtime.directive.Macro
2020-08-10 18:38:36,161 - Loaded System Directive: org.apache.velocity.runtime.directive.Parse
2020-08-10 18:38:36,161 - Loaded System Directive: org.apache.velocity.runtime.directive.Parse
2020-08-10 18:38:36,161 - Loaded System Directive: org.apache.velocity.runtime.directive.Parse
2020-08-10 18:38:36,161 - Loaded System Directive: org.apache.velocity.runtime.directive.Include
2020-08-10 18:38:36,161 - Loaded System Directive: org.apache.velocity.runtime.directive.Include
2020-08-10 18:38:36,161 - Loaded System Directive: org.apache.velocity.runtime.directive.Include
2020-08-10 18:38:36,161 - Loaded System Directive: org.apache.velocity.runtime.directive.Foreach
2020-08-10 18:38:36,161 - Loaded System Directive: org.apache.velocity.runtime.directive.Foreach
2020-08-10 18:38:36,161 - Loaded System Directive: org.apache.velocity.runtime.directive.Foreach
2020-08-10 18:38:36,162 - Created '20' parsers.
2020-08-10 18:38:36,162 - Created '20' parsers.
2020-08-10 18:38:36,162 - Created '20' parsers.
2020-08-10 18:38:36,162 - Velocimacro : "velocimacro.library" is not set.  Trying default library: VM_global_library.vm
2020-08-10 18:38:36,162 - Velocimacro : "velocimacro.library" is not set.  Trying default library: VM_global_library.vm
2020-08-10 18:38:36,162 - Velocimacro : "velocimacro.library" is not set.  Trying default library: VM_global_library.vm
2020-08-10 18:38:36,162 - Could not load resource 'VM_global_library.vm' from ResourceLoader org.apache.velocity.runtime.resource.loader.ClasspathResourceLoader: ClasspathResourceLoader Error: cannot find resource VM_global_library.vm
2020-08-10 18:38:36,162 - Could not load resource 'VM_global_library.vm' from ResourceLoader org.apache.velocity.runtime.resource.loader.ClasspathResourceLoader: ClasspathResourceLoader Error: cannot find resource VM_global_library.vm
2020-08-10 18:38:36,162 - Could not load resource 'VM_global_library.vm' from ResourceLoader org.apache.velocity.runtime.resource.loader.ClasspathResourceLoader: ClasspathResourceLoader Error: cannot find resource VM_global_library.vm
2020-08-10 18:38:36,162 - Velocimacro : Default library not found.
2020-08-10 18:38:36,162 - Velocimacro : Default library not found.
2020-08-10 18:38:36,162 - Velocimacro : Default library not found.
2020-08-10 18:38:36,162 - Velocimacro : allowInline = true : VMs can be defined inline in templates
2020-08-10 18:38:36,162 - Velocimacro : allowInline = true : VMs can be defined inline in templates
2020-08-10 18:38:36,162 - Velocimacro : allowInline = true : VMs can be defined inline in templates
2020-08-10 18:38:36,162 - Velocimacro : allowInlineToOverride = false : VMs defined inline may NOT replace previous VM definitions
2020-08-10 18:38:36,162 - Velocimacro : allowInlineToOverride = false : VMs defined inline may NOT replace previous VM definitions
2020-08-10 18:38:36,162 - Velocimacro : allowInlineToOverride = false : VMs defined inline may NOT replace previous VM definitions
2020-08-10 18:38:36,162 - Velocimacro : allowInlineLocal = false : VMs defined inline will be global in scope if allowed.
2020-08-10 18:38:36,162 - Velocimacro : allowInlineLocal = false : VMs defined inline will be global in scope if allowed.
2020-08-10 18:38:36,162 - Velocimacro : allowInlineLocal = false : VMs defined inline will be global in scope if allowed.
2020-08-10 18:38:36,162 - Velocimacro : autoload off : VM system will not automatically reload global library macros
2020-08-10 18:38:36,162 - Velocimacro : autoload off : VM system will not automatically reload global library macros
2020-08-10 18:38:36,162 - Velocimacro : autoload off : VM system will not automatically reload global library macros
2020-08-10 18:38:36,163 - ResourceManager : found velocity/Tarificaciones/Tarificaciones.vm with loader org.apache.velocity.runtime.resource.loader.ClasspathResourceLoader
2020-08-10 18:38:36,163 - ResourceManager : found velocity/Tarificaciones/Tarificaciones.vm with loader org.apache.velocity.runtime.resource.loader.ClasspathResourceLoader
2020-08-10 18:38:36,163 - ResourceManager : found velocity/Tarificaciones/Tarificaciones.vm with loader org.apache.velocity.runtime.resource.loader.ClasspathResourceLoader
2020-08-10 18:38:36,164 - Velocimacro : added VM mainLayout: source=/velocity/navbar.vm
2020-08-10 18:38:36,164 - Velocimacro : added VM mainLayout: source=/velocity/navbar.vm
2020-08-10 18:38:36,164 - Velocimacro : added VM mainLayout: source=/velocity/navbar.vm
2020-08-10 18:38:36,164 - ResourceManager : found /velocity/navbar.vm with loader org.apache.velocity.runtime.resource.loader.ClasspathResourceLoader
2020-08-10 18:38:36,164 - ResourceManager : found /velocity/navbar.vm with loader org.apache.velocity.runtime.resource.loader.ClasspathResourceLoader
2020-08-10 18:38:36,164 - ResourceManager : found /velocity/navbar.vm with loader org.apache.velocity.runtime.resource.loader.ClasspathResourceLoader
